This file contains any messages produced by compilers while
running configure, to aid debugging if configure makes a mistake.

It was created by configure, which was
generated by GNU Autoconf 2.52.  Invocation command line was

  $ ./configure --build=i386-linux --host=i386-linux --target=i386-linux CC=gcc CFLAGS= CPPFLAGS= CPP=cpp CXXFLAGS=-O0 -g3 -Wall  CXX=g++ LDFLAGS=-lxml2 build_alias=i386-linux host_alias=i386-linux target_alias=i386-linux --prefix /usr/local --no-create --no-recursion

## ---------- ##
## Platform.  ##
## ---------- ##

hostname = teslatogo
uname -m = i686
uname -r = 2.4.18-4GB
uname -s = Linux
uname -v = #1 Wed Mar 27 13:57:05 UTC 2002

/usr/bin/uname -p = unknown
/bin/uname -X     = unknown

/bin/arch              = i686
/usr/bin/arch -k       = unknown
/usr/convex/getsysinfo = unknown
hostinfo               = unknown
/bin/machine           = unknown
/usr/bin/oslevel       = unknown
/bin/universe          = unknown

PATH = /usr/lib/qt3/bin:/usr/local/bin:/usr/bin:/usr/X11R6/bin:/bin:/usr/games:/opt/gnome/bin:/opt/kde3/bin:/opt/kde2/bin:/usr/lib/SmallEiffel/bin:/usr/lib/java/bin:/opt/gnome/bin

## ------------ ##
## Core tests.  ##
## ------------ ##

configure:1002: PATH=".;."; conftest.sh
./configure: conftest.sh: command not found
configure:1005: $? = 127
configure:1045: checking build system type
configure:1063: result: i386-pc-linux-gnu
configure:1073: checking host system type
configure:1087: result: i386-pc-linux-gnu
configure:1097: checking target system type
configure:1111: result: i386-pc-linux-gnu
configure:1155: checking for a BSD compatible install
configure:1204: result: /usr/bin/install -c
configure:1218: checking for -p flag to install
configure:1231: result: yes
configure:1242: checking whether build environment is sane
configure:1285: result: yes
configure:1306: checking for mawk
configure:1332: result: no
configure:1306: checking for gawk
configure:1321: found /usr/bin/gawk
configure:1329: result: gawk
configure:1339: checking whether make sets ${MAKE}
configure:1359: result: yes
configure:1463: checking for style of include used by make
configure:1490: result: GNU
configure:1551: checking for i386-linux-gcc
configure:1574: result: gcc
configure:1837: checking for C compiler version
configure:1840: gcc --version </dev/null >&5
2.95.3
configure:1843: $? = 0
configure:1845: gcc -v </dev/null >&5
Reading specs from /usr/lib/gcc-lib/i486-suse-linux/2.95.3/specs
gcc version 2.95.3 20010315 (SuSE)
configure:1848: $? = 0
configure:1850: gcc -V </dev/null >&5
gcc: argument to `-V' is missing
configure:1853: $? = 1
configure:1873: checking for C compiler default output
configure:1876: gcc    -lxml2 conftest.c  >&5
configure:1879: $? = 0
configure:1908: result: a.out
configure:1913: checking whether the C compiler works
configure:1919: ./a.out
configure:1922: $? = 0
configure:1937: result: yes
configure:1944: checking whether we are cross compiling
configure:1946: result: no
configure:1949: checking for executable suffix
configure:1951: gcc -o conftest    -lxml2 conftest.c  >&5
configure:1954: $? = 0
configure:1976: result: 
configure:1982: checking for object suffix
configure:2000: gcc -c    conftest.c >&5
configure:2003: $? = 0
configure:2022: result: o
configure:2026: checking whether we are using the GNU C compiler
configure:2047: gcc -c    conftest.c >&5
configure:2050: $? = 0
configure:2053: test -s conftest.o
configure:2056: $? = 0
configure:2068: result: yes
configure:2074: checking whether gcc accepts -g
configure:2092: gcc -c -g  conftest.c >&5
configure:2095: $? = 0
configure:2098: test -s conftest.o
configure:2101: $? = 0
configure:2111: result: yes
configure:2138: gcc -c    conftest.c >&5
conftest.c:2: parse error before `me'
configure:2141: $? = 1
configure: failed program was:
#ifndef __cplusplus
  choke me
#endif
configure:2241: checking dependency style of gcc
configure:2303: result: gcc
configure:2345: checking for i386-linux-g++
configure:2368: result: g++
configure:2422: checking for C++ compiler version
configure:2425: g++ --version </dev/null >&5
2.95.3
configure:2428: $? = 0
configure:2430: g++ -v </dev/null >&5
Reading specs from /usr/lib/gcc-lib/i486-suse-linux/2.95.3/specs
gcc version 2.95.3 20010315 (SuSE)
configure:2433: $? = 0
configure:2435: g++ -V </dev/null >&5
g++: argument to `-V' missing

configure:2438: $? = 1
configure:2441: checking whether we are using the GNU C++ compiler
configure:2462: g++ -c  -O0 -g3 -Wall   conftest.cc >&5
configure:2465: $? = 0
configure:2468: test -s conftest.o
configure:2471: $? = 0
configure:2483: result: yes
configure:2489: checking whether g++ accepts -g
configure:2507: g++ -c -g  conftest.cc >&5
configure:2510: $? = 0
configure:2513: test -s conftest.o
configure:2516: $? = 0
configure:2526: result: yes
configure:2566: g++ -c  -O0 -g3 -Wall   conftest.cc >&5
configure:2569: $? = 0
configure:2572: test -s conftest.o
configure:2575: $? = 0
configure:2597: g++ -c  -O0 -g3 -Wall   conftest.cc >&5
configure:2600: $? = 0
configure:2603: test -s conftest.o
configure:2606: $? = 0
configure:2630: checking dependency style of g++
configure:2692: result: gcc
configure:2848: checking whether g++ supports -fno-exceptions
configure:2867: result: yes
configure:2878: checking whether g++ supports -fno-check-new
configure:2897: result: yes
configure:2908: checking whether g++ supports -fexceptions
configure:2927: result: yes
configure:2999: checking how to run the C++ preprocessor
configure:3021: g++ -E  conftest.cc
configure:3027: $? = 0
configure:3054: g++ -E  conftest.cc
configure:3051: ac_nonexistent.h: No such file or directory
configure:3060: $? = 1
configure: failed program was:
#line 3050 "configure"
#include "confdefs.h"
#include <ac_nonexistent.h>
configure:3097: result: g++ -E
configure:3112: g++ -E  conftest.cc
configure:3118: $? = 0
configure:3145: g++ -E  conftest.cc
configure:3142: ac_nonexistent.h: No such file or directory
configure:3151: $? = 1
configure: failed program was:
#line 3141 "configure"
#include "confdefs.h"
#include <ac_nonexistent.h>
configure:3219: checking whether g++ supports -frepo
configure:3238: result: yes
configure:3402: checking for ld used by GCC
configure:3465: result: /usr/i486-suse-linux/bin/ld
configure:3474: checking if the linker (/usr/i486-suse-linux/bin/ld) is GNU ld
GNU ld version 2.11.92.0.10 20011021 (SuSE)
configure:3486: result: yes
configure:3490: checking for /usr/i486-suse-linux/bin/ld option to reload object files
configure:3497: result: -r
configure:3502: checking for BSD-compatible nm
configure:3538: result: nm
configure:3541: checking whether ln -s works
configure:3545: result: yes
configure:3552: checking how to recognise dependant libraries
configure:3723: result: pass_all
configure:3872: checking for i386-linux-ranlib
configure:3898: result: no
configure:3907: checking for ranlib
configure:3922: found /usr/bin/ranlib
configure:3931: result: ranlib
configure:3946: checking for i386-linux-strip
configure:3972: result: no
configure:3981: checking for strip
configure:3996: found /usr/bin/strip
configure:4005: result: strip
ltcf-c.sh:need_lc: gcc -c -O2    conftest.c 1>&5
ltcf-c.sh:need_lc: gcc -shared conftest.  -v -Wl,-soname -Wl,conftest -o conftest
ltconfig:678:checking for gcc option to produce PIC
ltconfig:687:checking that gcc PIC flag -fPIC -DPIC works.
ltconfig:697: gcc -c -O2   -fPIC -DPIC -DPIC  conftest.c 1>&5
ltconfig:749: checking if gcc static flag -static works
ltconfig:758: gcc -o conftest -O2    -lxml2 -static conftest.c  1>&5
ltconfig:780: finding the maximum length of command line arguments
ltconfig:@lineno@: result: 73729
ltconfig:829: checking if gcc supports -c -o file.o
ltconfig:830: gcc -c -O2   -o out/conftest2.o  conftest.c 1>&5
ltconfig:883: checking if gcc supports -fno-rtti -fno-exceptions
ltconfig:884: gcc -c -O2   -fno-rtti -fno-exceptions -c conftest.c  conftest.c 1>&5
ltconfig:1423: checking if global_symbol_pipe works
ltconfig:1424: gcc -c -O2    conftest.c 1>&5
ltconfig:1427: eval "nm conftest.o | sed -n -e 's/^.*[ 	]\([ABCDGISTW]\)[ 	][ 	]*\(\)\([_A-Za-z][_A-Za-z0-9]*\)$/\1 \2\3 \3/p' > conftest.nm"
ltconfig:1479: gcc -o conftest -O2   -fno-builtin -fno-rtti -fno-exceptions  -lxml2 conftest.c conftstm.o 1>&5
ltconfig:1583: checking for dlopen in -ldl
ltconfig:1603: gcc -o conftest -O2   -fno-builtin -fno-rtti -fno-exceptions  -lxml2 conftest.c -ldl   1>&5
ltconfig:1863: checking for dlfcn.h
ltconfig:1874: gcc -c -O2   -fno-builtin -fno-rtti -fno-exceptions  conftest.c 1>&5 >/dev/null 2>conftest.out
ltconfig:1902: checking whether a program can dlopen itself
ltconfig:1957: gcc -o conftest -O2   -fno-builtin -fno-rtti -fno-exceptions  -DHAVE_DLFCN_H -lxml2 -Wl,--export-dynamic conftest.c -ldl  1>&5
ltconfig:1976: checking whether a statically linked program can dlopen itself
ltconfig:2031: gcc -o conftest -O2   -fno-builtin -fno-rtti -fno-exceptions  -DHAVE_DLFCN_H -lxml2 -Wl,--export-dynamic -static conftest.c -ldl  1>&5
ltconfig: failed program was:
/*#line 1984 "ltconfig"*/

#if HAVE_DLFCN_H
#include <dlfcn.h>
#endif

#include <stdio.h>

#ifdef RTLD_GLOBAL
# define LTDL_GLOBAL	RTLD_GLOBAL
#else
# ifdef DL_GLOBAL
#  define LTDL_GLOBAL	DL_GLOBAL
# else
#  define LTDL_GLOBAL	0
# endif
#endif

/* We may have to define LTDL_LAZY_OR_NOW in the command line if we
   find out it does not work in some platform. */
#ifndef LTDL_LAZY_OR_NOW
# ifdef RTLD_LAZY
#  define LTDL_LAZY_OR_NOW	RTLD_LAZY
# else
#  ifdef DL_LAZY
#   define LTDL_LAZY_OR_NOW	DL_LAZY
#  else
#   ifdef RTLD_NOW
#    define LTDL_LAZY_OR_NOW	RTLD_NOW
#   else
#    ifdef DL_NOW
#     define LTDL_LAZY_OR_NOW	DL_NOW
#    else
#     define LTDL_LAZY_OR_NOW	0
#    endif
#   endif
#  endif
# endif
#endif

void fnord() { int i=42; }
int main() {
    void *self, *ptr1, *ptr2; self=dlopen(0,LTDL_GLOBAL|LTDL_LAZY_OR_NOW);
    if(self) { ptr1=dlsym(self,"fnord"); ptr2=dlsym(self,"_fnord");
    if(ptr1 || ptr2) { dlclose(self); exit(0); } } exit(1); return 1; }

g++ -E conftest.cc
ltconfig:678:checking for g++ option to produce PIC
ltconfig:687:checking that g++ PIC flag -fPIC -DPIC works.
ltconfig:697: g++ -c -O2 -O0 -g3 -Wall -fno-exceptions -fno-check-new -fPIC -DPIC -DPIC  conftest.cc 1>&5
ltconfig:749: checking if g++ static flag -static works
ltconfig:758: g++ -o conftest -O2 -O0 -g3 -Wall -fno-exceptions -fno-check-new  -lxml2 -static conftest.cc  1>&5
ltconfig:780: finding the maximum length of command line arguments
ltconfig:@lineno@: result: 73729
ltconfig:829: checking if g++ supports -c -o file.o
ltconfig:830: g++ -c -O2 -O0 -g3 -Wall -fno-exceptions -fno-check-new -o out/conftest2.o  conftest.cc 1>&5
ltconfig:883: checking if g++ supports -fno-rtti -fno-exceptions
ltconfig:884: g++ -c -O2 -O0 -g3 -Wall -fno-exceptions -fno-check-new -fno-rtti -fno-exceptions -c conftest.cc  conftest.cc 1>&5
ltconfig:1423: checking if global_symbol_pipe works
ltconfig:1424: g++ -c -O2 -O0 -g3 -Wall -fno-exceptions -fno-check-new  conftest.cc 1>&5
ltconfig:1427: eval "nm conftest.o | sed -n -e 's/^.*[ 	]\([ABCDGISTW]\)[ 	][ 	]*\(\)\([_A-Za-z][_A-Za-z0-9]*\)$/\1 \2\3 \3/p' > conftest.nm"
ltconfig:1479: g++ -o conftest -O2 -O0 -g3 -Wall -fno-exceptions -fno-check-new -fno-builtin -fno-rtti -fno-exceptions  -lxml2 conftest.cc conftstm.o 1>&5
ltconfig:1583: checking for dlopen in -ldl
ltconfig:1603: g++ -o conftest -O2 -O0 -g3 -Wall -fno-exceptions -fno-check-new -fno-builtin -fno-rtti -fno-exceptions  -lxml2 conftest.cc -ldl   1>&5
ltconfig:1863: checking for dlfcn.h
ltconfig:1874: g++ -c -O2 -O0 -g3 -Wall -fno-exceptions -fno-check-new -fno-builtin -fno-rtti -fno-exceptions  conftest.cc 1>&5 >/dev/null 2>conftest.out
ltconfig:1902: checking whether a program can dlopen itself
ltconfig:1957: g++ -o conftest -O2 -O0 -g3 -Wall -fno-exceptions -fno-check-new -fno-builtin -fno-rtti -fno-exceptions  -DHAVE_DLFCN_H -lxml2 -Wl,--export-dynamic conftest.cc -ldl  1>&5
conftest.cc: In function `void fnord()':
conftest.cc:41: warning: unused variable `int i'
conftest.cc: In function `int main()':
conftest.cc:45: implicit declaration of function `int exit(...)'
ltconfig: failed program was:
/*#line 1910 "ltconfig"*/

#if HAVE_DLFCN_H
#include <dlfcn.h>
#endif

#include <stdio.h>

#ifdef RTLD_GLOBAL
# define LTDL_GLOBAL	RTLD_GLOBAL
#else
# ifdef DL_GLOBAL
#  define LTDL_GLOBAL	DL_GLOBAL
# else
#  define LTDL_GLOBAL	0
# endif
#endif

/* We may have to define LTDL_LAZY_OR_NOW in the command line if we
   find out it does not work in some platform. */
#ifndef LTDL_LAZY_OR_NOW
# ifdef RTLD_LAZY
#  define LTDL_LAZY_OR_NOW	RTLD_LAZY
# else
#  ifdef DL_LAZY
#   define LTDL_LAZY_OR_NOW	DL_LAZY
#  else
#   ifdef RTLD_NOW
#    define LTDL_LAZY_OR_NOW	RTLD_NOW
#   else
#    ifdef DL_NOW
#     define LTDL_LAZY_OR_NOW	DL_NOW
#    else
#     define LTDL_LAZY_OR_NOW	0
#    endif
#   endif
#  endif
# endif
#endif

void fnord() { int i=42; }
int main() {
    void *self, *ptr1, *ptr2; self=dlopen(0,LTDL_GLOBAL|LTDL_LAZY_OR_NOW);
    if(self) { ptr1=dlsym(self,"fnord"); ptr2=dlsym(self,"_fnord");
               if(ptr1 || ptr2) { dlclose(self); exit(0); } } exit(1); return 1;}

configure:4358: checking for msgfmt
configure:4385: result: /usr/bin/msgfmt
configure:4394: checking for gmsgfmt
configure:4423: result: /usr/bin/msgfmt
configure:4439: checking for xgettext
configure:4466: result: /usr/bin/xgettext
configure:4488: checking how to run the C preprocessor
configure:4590: result: cpp
configure:4605: cpp  conftest.c
configure:4611: $? = 0
configure:4638: cpp  conftest.c
configure:4635: ac_nonexistent.h: No such file or directory
configure:4644: $? = 1
configure: failed program was:
#line 4634 "configure"
#include "confdefs.h"
#include <ac_nonexistent.h>
configure:4683: checking for ANSI C header files
configure:4697: cpp  conftest.c
configure:4703: $? = 0
configure:4790: gcc -o conftest -O2    -lxml2 conftest.c  >&5
configure:4793: $? = 0
configure:4795: ./conftest
configure:4798: $? = 0
configure:4811: result: yes
configure:4827: checking for sys/types.h
configure:4839: gcc -c -O2    conftest.c >&5
configure:4842: $? = 0
configure:4845: test -s conftest.o
configure:4848: $? = 0
configure:4858: result: yes
configure:4827: checking for sys/stat.h
configure:4839: gcc -c -O2    conftest.c >&5
configure:4842: $? = 0
configure:4845: test -s conftest.o
configure:4848: $? = 0
configure:4858: result: yes
configure:4827: checking for stdlib.h
configure:4839: gcc -c -O2    conftest.c >&5
configure:4842: $? = 0
configure:4845: test -s conftest.o
configure:4848: $? = 0
configure:4858: result: yes
configure:4827: checking for string.h
configure:4839: gcc -c -O2    conftest.c >&5
configure:4842: $? = 0
configure:4845: test -s conftest.o
configure:4848: $? = 0
configure:4858: result: yes
configure:4827: checking for memory.h
configure:4839: gcc -c -O2    conftest.c >&5
configure:4842: $? = 0
configure:4845: test -s conftest.o
configure:4848: $? = 0
configure:4858: result: yes
configure:4827: checking for strings.h
configure:4839: gcc -c -O2    conftest.c >&5
configure:4842: $? = 0
configure:4845: test -s conftest.o
configure:4848: $? = 0
configure:4858: result: yes
configure:4827: checking for inttypes.h
configure:4839: gcc -c -O2    conftest.c >&5
configure:4842: $? = 0
configure:4845: test -s conftest.o
configure:4848: $? = 0
configure:4858: result: yes
configure:4827: checking for stdint.h
configure:4839: gcc -c -O2    conftest.c >&5
configure:4842: $? = 0
configure:4845: test -s conftest.o
configure:4848: $? = 0
configure:4858: result: yes
configure:4827: checking for unistd.h
configure:4839: gcc -c -O2    conftest.c >&5
configure:4842: $? = 0
configure:4845: test -s conftest.o
configure:4848: $? = 0
configure:4858: result: yes
configure:4874: checking for main in -lutil
configure:4894: gcc -o conftest -O2    -lxml2 conftest.c -lutil   >&5
configure:4897: $? = 0
configure:4900: test -s conftest
configure:4903: $? = 0
configure:4914: result: yes
configure:4920: checking for main in -lcompat
configure:4940: gcc -o conftest -O2    -lxml2 conftest.c -lcompat   >&5
/usr/i486-suse-linux/bin/ld: cannot find -lcompat
collect2: ld returned 1 exit status
configure:4943: $? = 1
configure: failed program was:
#line 4928 "configure"
#include "confdefs.h"

int
main ()
{
main ();
  ;
  return 0;
}
configure:4960: result: no
configure:4967: checking for crypt in -lcrypt
configure:4994: gcc -o conftest -O2    -lxml2 conftest.c -lcrypt   >&5
configure:4997: $? = 0
configure:5000: test -s conftest
configure:5003: $? = 0
configure:5014: result: yes
configure:5092: checking for socklen_t
configure:5125: g++ -c -O2 -O0 -g3 -Wall -fno-exceptions -fno-check-new  conftest.cc >&5
configure:5128: $? = 0
configure:5131: test -s conftest.o
configure:5134: $? = 0
configure:5190: result: socklen_t
configure:5210: checking for dnet_ntoa in -ldnet
configure:5237: gcc -o conftest -O2    -lxml2 conftest.c -ldnet   >&5
/usr/i486-suse-linux/bin/ld: cannot find -ldnet
collect2: ld returned 1 exit status
configure:5240: $? = 1
configure: failed program was:
#line 5218 "configure"
#include "confdefs.h"

/* Override any gcc2 internal prototype to avoid an error.  */
#ifdef __cplusplus
extern "C"
#endif
/* We use char because int might match the return type of a gcc2
   builtin and then its argument prototype would still apply.  */
char dnet_ntoa ();
int
main ()
{
dnet_ntoa ();
  ;
  return 0;
}
configure:5257: result: no
configure:5264: checking for dnet_ntoa in -ldnet_stub
configure:5291: gcc -o conftest -O2    -lxml2 conftest.c -ldnet_stub   >&5
/usr/i486-suse-linux/bin/ld: cannot find -ldnet_stub
collect2: ld returned 1 exit status
configure:5294: $? = 1
configure: failed program was:
#line 5272 "configure"
#include "confdefs.h"

/* Override any gcc2 internal prototype to avoid an error.  */
#ifdef __cplusplus
extern "C"
#endif
/* We use char because int might match the return type of a gcc2
   builtin and then its argument prototype would still apply.  */
char dnet_ntoa ();
int
main ()
{
dnet_ntoa ();
  ;
  return 0;
}
configure:5311: result: no
configure:5318: checking for inet_ntoa
configure:5355: gcc -o conftest -O2    -lxml2 conftest.c  >&5
configure:5358: $? = 0
configure:5361: test -s conftest
configure:5364: $? = 0
configure:5374: result: yes
configure:5432: checking for connect
configure:5469: gcc -o conftest -O2    -lxml2 conftest.c  >&5
configure:5472: $? = 0
configure:5475: test -s conftest
configure:5478: $? = 0
configure:5488: result: yes
configure:5547: checking for remove
configure:5584: gcc -o conftest -O2    -lxml2 conftest.c  >&5
configure:5587: $? = 0
configure:5590: test -s conftest
configure:5593: $? = 0
configure:5603: result: yes
configure:5663: checking for shmat
configure:5700: gcc -o conftest -O2    -lxml2 conftest.c  >&5
configure:5703: $? = 0
configure:5706: test -s conftest
configure:5709: $? = 0
configure:5719: result: yes
configure:5784: checking for res_init
configure:5821: gcc -o conftest -O2    -lxml2 conftest.c  >&5
/tmp/ccZNSS92.o: In function `main':
/tmp/ccZNSS92.o(.text+0x9): undefined reference to `res_init'
collect2: ld returned 1 exit status
configure:5824: $? = 1
configure: failed program was:
#line 5790 "configure"
#include "confdefs.h"
/* System header to define __stub macros and hopefully few prototypes,
    which can conflict with char res_init (); below.  */
#include <assert.h>
/* Override any gcc2 internal prototype to avoid an error.  */
#ifdef __cplusplus
extern "C"
#endif
/* We use char because int might match the return type of a gcc2
   builtin and then its argument prototype would still apply.  */
char res_init ();
char (*f) ();

int
main ()
{
/* The GNU C library defines this for functions which it implements
    to always fail with ENOSYS.  Some functions are actually named
    something starting with __ and the normal name is an alias.  */
#if defined (__stub_res_init) || defined (__stub___res_init)
choke me
#else
f = res_init;
#endif

  ;
  return 0;
}
configure:5840: result: no
configure:5868: gcc -o conftest -O2    -lxml2 conftest.c   -lresolv >&5
configure:5871: $? = 0
configure:5874: test -s conftest
configure:5877: $? = 0
configure:5898: checking for killpg in -lucb
configure:5925: gcc -o conftest -O2    -lxml2 conftest.c -lucb   >&5
/usr/i486-suse-linux/bin/ld: cannot find -lucb
collect2: ld returned 1 exit status
configure:5928: $? = 1
configure: failed program was:
#line 5906 "configure"
#include "confdefs.h"

/* Override any gcc2 internal prototype to avoid an error.  */
#ifdef __cplusplus
extern "C"
#endif
/* We use char because int might match the return type of a gcc2
   builtin and then its argument prototype would still apply.  */
char killpg ();
int
main ()
{
killpg ();
  ;
  return 0;
}
configure:5945: result: no
configure:6012: checking for int
configure:6033: gcc -c -O2    conftest.c >&5
configure:6036: $? = 0
configure:6039: test -s conftest.o
configure:6042: $? = 0
configure:6052: result: yes
configure:6055: checking size of int
configure:6219: gcc -o conftest -O2    -lxml2 conftest.c  >&5
configure:6222: $? = 0
configure:6224: ./conftest
configure:6227: $? = 0
configure:6243: result: 4
configure:6249: checking for long
configure:6270: gcc -c -O2    conftest.c >&5
configure:6273: $? = 0
configure:6276: test -s conftest.o
configure:6279: $? = 0
configure:6289: result: yes
configure:6292: checking size of long
configure:6456: gcc -o conftest -O2    -lxml2 conftest.c  >&5
configure:6459: $? = 0
configure:6461: ./conftest
configure:6464: $? = 0
configure:6480: result: 4
configure:6486: checking for char *
configure:6507: gcc -c -O2    conftest.c >&5
configure:6510: $? = 0
configure:6513: test -s conftest.o
configure:6516: $? = 0
configure:6526: result: yes
configure:6529: checking size of char *
configure:6693: gcc -o conftest -O2    -lxml2 conftest.c  >&5
configure:6696: $? = 0
configure:6698: ./conftest
configure:6701: $? = 0
configure:6717: result: 4
configure:6723: checking for char
configure:6744: gcc -c -O2    conftest.c >&5
configure:6747: $? = 0
configure:6750: test -s conftest.o
configure:6753: $? = 0
configure:6763: result: yes
configure:6766: checking size of char
configure:6930: gcc -o conftest -O2    -lxml2 conftest.c  >&5
configure:6933: $? = 0
configure:6935: ./conftest
configure:6938: $? = 0
configure:6954: result: 1
configure:6960: checking for dlopen in -ldl
configure:6987: gcc -o conftest -O2    -lxml2 conftest.c -ldl   >&5
configure:6990: $? = 0
configure:6993: test -s conftest
configure:6996: $? = 0
configure:7007: result: yes
configure:7016: checking for shl_unload in -ldld
configure:7043: gcc -o conftest -O2    -lxml2 conftest.c -ldld   >&5
/usr/i486-suse-linux/bin/ld: cannot find -ldld
collect2: ld returned 1 exit status
configure:7046: $? = 1
configure: failed program was:
#line 7024 "configure"
#include "confdefs.h"

/* Override any gcc2 internal prototype to avoid an error.  */
#ifdef __cplusplus
extern "C"
#endif
/* We use char because int might match the return type of a gcc2
   builtin and then its argument prototype would still apply.  */
char shl_unload ();
int
main ()
{
shl_unload ();
  ;
  return 0;
}
configure:7063: result: no
configure:7072: checking for X
configure:7313: result: libraries /usr/X11R6/lib, headers /usr/X11R6/include
configure:7342: checking for IceConnectionNumber in -lICE
configure:7369: gcc -o conftest -O2    -lxml2 -L/usr/X11R6/lib conftest.c -lICE  -lresolv  >&5
configure:7372: $? = 0
configure:7375: test -s conftest
configure:7378: $? = 0
configure:7389: result: yes
configure:7399: checking for libXext
configure:7431: gcc -o conftest -O2    -lxml2 -L/usr/X11R6/lib  conftest.c -lXext -lX11  -lresolv >&5
configure:7434: $? = 0
configure:7437: test -s conftest
configure:7440: $? = 0
configure:7456: result: yes
configure:7469: checking for Xinerama
configure:7536: result: no
configure:7615: checking for extra includes
configure:7642: result: no
configure:7646: checking for extra libs
configure:7673: result: no
configure:7676: checking for libz
configure:7707: gcc -o conftest -O2   -I/usr/X11R6/include   -lxml2 conftest.c -L/usr/X11R6/lib  -lz  -lresolv >&5
configure:7710: $? = 0
configure:7713: test -s conftest
configure:7716: $? = 0
configure:7737: result: -lz
configure:7747: checking for libpng
configure:7782: gcc -o conftest -O2   -I/usr/X11R6/include   -lxml2 conftest.c  -L/usr/X11R6/lib  -lpng -lz -lm -lX11  -lresolv >&5
configure:7785: $? = 0
configure:7788: test -s conftest
configure:7791: $? = 0
configure:7813: result: -lpng -lz -lm
configure:7822: checking for libjpeg6b
configure:7865: gcc -o conftest -O2   -I/usr/X11R6/include   -lxml2 conftest.c -L/usr/X11R6/lib  -ljpeg6b -lm >&5
/usr/i486-suse-linux/bin/ld: cannot find -ljpeg6b
collect2: ld returned 1 exit status
configure:7868: $? = 1
configure: failed program was:
#line 7839 "configure"
#include "confdefs.h"
/* Override any gcc2 internal prototype to avoid an error.  */
struct jpeg_decompress_struct;
typedef struct jpeg_decompress_struct * j_decompress_ptr;
typedef int size_t;
#ifdef __cplusplus
extern "C" {
#endif
    void jpeg_CreateDecompress(j_decompress_ptr cinfo,
                                    int version, size_t structsize);
#ifdef __cplusplus
}
#endif
/* We use char because int might match the return type of a gcc2
    builtin and then its argument prototype would still apply.  */

int
main ()
{
jpeg_CreateDecompress(0L, 0, 0);
  ;
  return 0;
}
configure:7893: result: no
configure:7896: checking for libjpeg
configure:7939: gcc -o conftest -O2   -I/usr/X11R6/include   -lxml2 conftest.c -L/usr/X11R6/lib  -ljpeg -lm >&5
configure:7942: $? = 0
configure:7945: test -s conftest
configure:7948: $? = 0
configure:7964: result: -ljpeg
configure: 7983: /usr/include/jpeglib.h
taking that
configure:8093: checking for Qt
configure: 8153: /usr/lib/qt3/include/qstyle.h
taking that
tried NO
configure:8245: rm -rf SunWS_cache; g++ -o conftest -O2 -O0 -g3 -Wall -fno-exceptions -fno-check-new -I/usr/lib/qt3/include -I/usr/X11R6/include  -lxml2 -L/usr/lib/qt3/lib -L/usr/X11R6/lib  conftest.cc  -lqt -lpng -lz -lm -ljpeg  -lXext -lX11 -lSM -lICE  -lresolv 1>&5
conftest.cc: In function `int main()':
conftest.cc:18: warning: unused variable `int magnolia'
conftest.cc:13: warning: unused variable `class QStringList * t'
configure:8248: $? = 0
configure:8299: result: libraries /usr/lib/qt3/lib, headers /usr/lib/qt3/include 
configure:8308: checking if Qt compiles without flags
configure:8382: rm -rf SunWS_cache; g++ -o conftest -O2 -O0 -g3 -Wall -fno-exceptions -fno-check-new -I/usr/lib/qt3/include  -lxml2 -L/usr/X11R6/lib conftest.cc -lqt -lpng -lz -lm -ljpeg  -lXext -lX11 -lSM -lICE  -lresolv -lXext -lX11  -lresolv 1>&5
conftest.cc: In function `int main()':
conftest.cc:18: warning: unused variable `int magnolia'
conftest.cc:13: warning: unused variable `class QStringList * t'
/usr/i486-suse-linux/bin/ld: cannot find -lqt
collect2: ld returned 1 exit status
configure:8385: $? = 1
configure: failed program was:
#include "confdefs.h"
#include <qglobal.h>
#include <qapplication.h>
#include <qevent.h>
#include <qstring.h>
#include <qstyle.h>
#include <qiconview.h>
#if ! (QT_VERSION >= 222)
#error 1
#endif

int main() {
    QStringList *t = new QStringList();
    QIconView iv(0);
    iv.setWordWrapIconText(false);
    QString s;
    s.setLatin1("Elvis is alive", 14);
    int magnolia = QEvent::Speech; /* new in 2.2 beta2 */
    return 0;
}
configure:8416: result: no
configure:8446: checking for moc
configure:8513: result: /usr/lib/qt3/bin/moc
configure:8521: checking for uic
configure:8570: result: /usr/lib/qt3/bin/uic
configure:8621: checking if admin should be compiled
configure:8633: result: no
configure:8621: checking if delit should be compiled
configure:8633: result: yes
configure:8720: creating ./config.status

## ----------------- ##
## Cache variables.  ##
## ----------------- ##

ac_cv_build=i386-pc-linux-gnu
ac_cv_build_alias=i386-linux
ac_cv_c_compiler_gnu=yes
ac_cv_cxx_compiler_gnu=yes
ac_cv_env_CC_set=set
ac_cv_env_CC_value=gcc
ac_cv_env_CFLAGS_set=set
ac_cv_env_CFLAGS_value=
ac_cv_env_CPPFLAGS_set=set
ac_cv_env_CPPFLAGS_value=
ac_cv_env_CPP_set=set
ac_cv_env_CPP_value=cpp
ac_cv_env_CXXCPP_set=
ac_cv_env_CXXCPP_value=
ac_cv_env_CXXFLAGS_set=set
ac_cv_env_CXXFLAGS_value=$'-O0 -g3 -Wall '
ac_cv_env_CXX_set=set
ac_cv_env_CXX_value=g++
ac_cv_env_LDFLAGS_set=set
ac_cv_env_LDFLAGS_value=-lxml2
ac_cv_env_build_alias_set=set
ac_cv_env_build_alias_value=i386-linux
ac_cv_env_host_alias_set=set
ac_cv_env_host_alias_value=i386-linux
ac_cv_env_target_alias_set=set
ac_cv_env_target_alias_value=i386-linux
ac_cv_func_connect=yes
ac_cv_func_inet_ntoa=yes
ac_cv_func_remove=yes
ac_cv_func_res_init=no
ac_cv_func_shmat=yes
ac_cv_have_dlfcn=yes
ac_cv_have_qt=$'have_qt=yes     ac_qt_includes=/usr/lib/qt3/include ac_qt_libraries=/usr/lib/qt3/lib'
ac_cv_have_xinerama=no
ac_cv_header_inttypes_h=yes
ac_cv_header_memory_h=yes
ac_cv_header_stdc=yes
ac_cv_header_stdint_h=yes
ac_cv_header_stdlib_h=yes
ac_cv_header_string_h=yes
ac_cv_header_strings_h=yes
ac_cv_header_sys_stat_h=yes
ac_cv_header_sys_types_h=yes
ac_cv_header_unistd_h=yes
ac_cv_host=i386-pc-linux-gnu
ac_cv_host_alias=i386-linux
ac_cv_lib_ICE_IceConnectionNumber=yes
ac_cv_lib_compat_main=no
ac_cv_lib_crypt_crypt=yes
ac_cv_lib_dl_dlopen=yes
ac_cv_lib_dld_shl_unload=no
ac_cv_lib_dnet_dnet_ntoa=no
ac_cv_lib_dnet_stub_dnet_ntoa=no
ac_cv_lib_jpeg_6b=no
ac_cv_lib_jpeg_normal=-ljpeg
ac_cv_lib_png=$'-lpng -lz -lm'
ac_cv_lib_ucb_killpg=no
ac_cv_lib_util_main=yes
ac_cv_lib_z=-lz
ac_cv_objext=o
ac_cv_path_GMSGFMT=/usr/bin/msgfmt
ac_cv_path_MSGFMT=/usr/bin/msgfmt
ac_cv_path_XGETTEXT=/usr/bin/xgettext
ac_cv_path_install=$'/usr/bin/install -c'
ac_cv_prog_AWK=gawk
ac_cv_prog_CC=gcc
ac_cv_prog_CPP=cpp
ac_cv_prog_CXX=g++
ac_cv_prog_CXXCPP=$'g++ -E'
ac_cv_prog_ac_ct_RANLIB=ranlib
ac_cv_prog_ac_ct_STRIP=strip
ac_cv_prog_cc_g=yes
ac_cv_prog_cxx_g=yes
ac_cv_prog_make_make_set=yes
ac_cv_sizeof_char=1
ac_cv_sizeof_char_p=4
ac_cv_sizeof_int=4
ac_cv_sizeof_long=4
ac_cv_socklen_t=socklen_t
ac_cv_target=i386-pc-linux-gnu
ac_cv_target_alias=i386-linux
ac_cv_type_char=yes
ac_cv_type_char_p=yes
ac_cv_type_int=yes
ac_cv_type_long=yes
am_cv_CC_dependencies_compiler_type=gcc
am_cv_CXX_dependencies_compiler_type=gcc
kde_cv_have_libXext=yes
kde_cv_have_x=$'have_x=yes          kde_x_includes=/usr/X11R6/include kde_x_libraries=/usr/X11R6/lib'
kde_cv_path=/usr/lib/qt3/bin/uic
kde_cv_path_moc=/usr/lib/qt3/bin/moc
kde_cv_path_uic=/usr/lib/qt3/bin/uic
kde_cv_prog_cxx_fexceptions=yes
kde_cv_prog_cxx_fno_check_new=yes
kde_cv_prog_cxx_fno_exceptions=yes
kde_cv_prog_cxx_frepo=yes
kde_cv_qt_direct=no
lt_cv_deplibs_check_method=pass_all
lt_cv_file_magic_cmd=$'$MAGIC_CMD'
lt_cv_file_magic_test_file=$'/lib/libc.so.6 /lib/libc-*.so'
lt_cv_ld_reload_flag=-r
lt_cv_path_LD=/usr/i486-suse-linux/bin/ld
lt_cv_path_NM=nm
lt_cv_prog_gnu_ld=yes

## ------------ ##
## confdefs.h.  ##
## ------------ ##

#define PACKAGE "delit"
#define VERSION "0.1"
#define HAVE_TEMPLATE_REPOSITORY 1
#define STDC_HEADERS 1
#define HAVE_SYS_TYPES_H 1
#define HAVE_SYS_STAT_H 1
#define HAVE_STDLIB_H 1
#define HAVE_STRING_H 1
#define HAVE_MEMORY_H 1
#define HAVE_STRINGS_H 1
#define HAVE_INTTYPES_H 1
#define HAVE_STDINT_H 1
#define HAVE_UNISTD_H 1
#define HAVE_CRYPT 1
#define ksize_t socklen_t
#define HAVE_RES_INIT 1
#define SIZEOF_INT 4
#define SIZEOF_LONG 4
#define SIZEOF_CHAR_P 4
#define SIZEOF_CHAR 1
#define HAVE_LIBZ 1
#define HAVE_LIBPNG 1
#define HAVE_LIBJPEG 1


configure: exit 0

## ----------------------- ##
## Running config.status.  ##
## ----------------------- ##

This file was extended by config.status 2.52, executed with
  CONFIG_FILES    = 
  CONFIG_HEADERS  = config.h
  CONFIG_LINKS    = 
  CONFIG_COMMANDS = 
  > ./config.status 
on teslatogo

config.status:9352: creating config.h
config.status:9493: config.h is unchanged

## ----------------------- ##
## Running config.status.  ##
## ----------------------- ##

This file was extended by config.status 2.52, executed with
  CONFIG_FILES    = Makefile
  CONFIG_HEADERS  = 
  CONFIG_LINKS    = 
  CONFIG_COMMANDS = 
  > ./config.status 
on teslatogo

config.status:9260: creating Makefile

## ----------------------- ##
## Running config.status.  ##
## ----------------------- ##

This file was extended by config.status 2.52, executed with
  CONFIG_FILES    = delit/Makefile
  CONFIG_HEADERS  = 
  CONFIG_LINKS    = 
  CONFIG_COMMANDS = 
  > ./config.status 
on teslatogo

config.status:9260: creating delit/Makefile

## ----------------------- ##
## Running config.status.  ##
## ----------------------- ##

This file was extended by config.status 2.52, executed with
  CONFIG_FILES    = delit/docs/Makefile
  CONFIG_HEADERS  = 
  CONFIG_LINKS    = 
  CONFIG_COMMANDS = 
  > ./config.status 
on teslatogo

config.status:9260: creating delit/docs/Makefile

## ----------------------- ##
## Running config.status.  ##
## ----------------------- ##

This file was extended by config.status 2.52, executed with
  CONFIG_FILES    = delit/docs/en/Makefile
  CONFIG_HEADERS  = 
  CONFIG_LINKS    = 
  CONFIG_COMMANDS = 
  > ./config.status 
on teslatogo

config.status:9260: creating delit/docs/en/Makefile
